<?xml version="1.0" encoding="UTF-8"?>
<testsuite name="com.fileio.EmployeePayrollServiceTest" tests="3" skipped="0" failures="0" errors="0" timestamp="2021-08-07T11:39:51" hostname="SHRADHA" time="0.068">
  <properties/>
  <testcase name="givenFile_onReadingFromFile_shouldMatchEmployeeCount()" classname="com.fileio.EmployeePayrollServiceTest" time="0.041"/>
  <testcase name="given3Employees_WhenWrittenToFile_ShouldPrintEmployeeEntries()" classname="com.fileio.EmployeePayrollServiceTest" time="0.021"/>
  <testcase name="given3Employees_WhenWrittenToFile_ShouldMatchEmployeeEntries()" classname="com.fileio.EmployeePayrollServiceTest" time="0.004"/>
  <system-out><![CDATA[id = 1, name = Jeff Bezos,salary =100000.0
id = 2, name = Bill Gates,salary =200000.0
id = 3, name = Mark Zuckerberg,salary =300000.0
]]></system-out>
  <system-err><![CDATA[]]></system-err>
</testsuite>
