<?xml version="1.0" encoding="UTF-8"?>
<testsuite name="com.fileio.NioApiTest" tests="1" skipped="0" failures="0" errors="0" timestamp="2021-08-06T10:16:38" hostname="SHRADHA" time="0.089">
  <properties/>
  <testcase name="givenPathWhenCheckedThenConfirm()" classname="com.fileio.NioApiTest" time="0.089"/>
  <system-out><![CDATA[C:\Users\HP\TempPlayGround\temp1
C:\Users\HP\TempPlayGround\temp2
C:\Users\HP\TempPlayGround\temp3
C:\Users\HP\TempPlayGround\temp4
C:\Users\HP\TempPlayGround\temp5
C:\Users\HP\TempPlayGround\temp6
C:\Users\HP\TempPlayGround\temp7
C:\Users\HP\TempPlayGround\temp8
C:\Users\HP\TempPlayGround\temp9
C:\Users\HP\TempPlayGround\temp1
C:\Users\HP\TempPlayGround\temp2
C:\Users\HP\TempPlayGround\temp3
C:\Users\HP\TempPlayGround\temp4
C:\Users\HP\TempPlayGround\temp5
C:\Users\HP\TempPlayGround\temp6
C:\Users\HP\TempPlayGround\temp7
C:\Users\HP\TempPlayGround\temp8
C:\Users\HP\TempPlayGround\temp9
]]></system-out>
  <system-err><![CDATA[]]></system-err>
</testsuite>
